2025-09-12 22:45:46,471 [INFO] üëÄ Surveillance du dossier data\inbox... (Ctrl+C pour arr√™ter)
2025-09-12 22:46:03,132 [INFO] üìÇ Nouveau fichier d√©tect√© : data\inbox\exemple_conformite.xlsx
2025-09-12 22:46:18,329 [INFO] ‚úÖ Feuille Guideline trait√©e avec 40 lignes.
2025-09-12 22:46:18,329 [INFO] ‚úÖ Feuille DONNEES HSE ERIS (0-100) trait√©e avec 2639 lignes.
2025-09-12 22:46:18,329 [INFO] ‚úÖ Feuille Feuil1 trait√©e avec 2280 lignes.
2025-09-12 22:46:18,329 [INFO] ‚úÖ Feuille Donn√©es Excel trait√©e avec 4490 lignes.
2025-09-12 22:46:18,329 [INFO] ‚úÖ Feuille Donn√©es Excel(100_0) trait√©e avec 4480 lignes.
2025-09-12 22:46:18,329 [INFO] ‚úÖ Feuille Suivi EP11 JPT trait√©e avec 92 lignes.
2025-09-12 22:46:18,329 [INFO] ‚úÖ Feuille Donn√©es EP 11 trait√©e avec 3045 lignes.
2025-09-12 22:46:18,330 [INFO] ‚úÖ Feuille Score Excel Vs Eris trait√©e avec 4502 lignes.
2025-09-12 22:46:18,330 [INFO] ‚úÖ Feuille Feuil2 trait√©e avec 73 lignes.
2025-09-12 22:46:18,330 [INFO] ‚úÖ Feuille ASNE trait√©e avec 63 lignes.
2025-09-12 22:46:18,330 [INFO] ‚úÖ Feuille ACE trait√©e avec 165 lignes.
2025-09-12 22:46:18,330 [INFO] ‚úÖ Feuille AFO trait√©e avec 148 lignes.
2025-09-12 22:46:18,330 [INFO] ‚úÖ Feuille MOI trait√©e avec 150 lignes.
2025-09-12 22:46:18,330 [INFO] ‚úÖ Feuille NIG trait√©e avec 11 lignes.
2025-09-12 22:46:18,330 [INFO] ‚úÖ Feuille NIG trame trait√©e avec 12 lignes.
2025-09-12 22:46:18,330 [INFO] ‚úÖ Feuille AFR trame trait√©e avec 143 lignes.
2025-09-12 22:46:18,330 [INFO] ‚úÖ Feuille Suivi resultats ERIS AFR trame trait√©e avec 65 lignes.
2025-09-12 22:46:18,330 [INFO] ‚úÖ Feuille Fichier de base score  trait√©e avec 2495 lignes.
2025-09-12 22:46:18,331 [INFO] üì¶ Fichier archiv√© -> data\archive\exemple_conformite_20250912_224618.xlsx
2025-09-13 01:38:51,140 [INFO] Arr√™t demand√©, arr√™t de l'observer...
2025-09-13 01:38:51,194 [INFO] Observer arr√™t√©.
2025-09-13 02:15:34,358 [INFO] üëÄ Surveillance du dossier data\inbox... (Ctrl+C pour arr√™ter)
2025-09-13 02:17:21,576 [INFO] üìÇ Nouveau fichier d√©tect√© : data\inbox\exemple_conformite.xlsx
2025-09-13 02:17:49,878 [INFO] ‚úÖ Feuille Guideline trait√©e avec 40 lignes.
2025-09-13 02:17:49,879 [INFO] ‚úÖ Feuille DONNEES HSE ERIS (0-100) trait√©e avec 2639 lignes.
2025-09-13 02:17:49,879 [INFO] ‚úÖ Feuille Feuil1 trait√©e avec 2280 lignes.
2025-09-13 02:17:49,879 [INFO] ‚úÖ Feuille Donn√©es Excel trait√©e avec 4490 lignes.
2025-09-13 02:17:49,880 [INFO] ‚úÖ Feuille Donn√©es Excel(100_0) trait√©e avec 4480 lignes.
2025-09-13 02:17:49,880 [INFO] ‚úÖ Feuille Suivi EP11 JPT trait√©e avec 92 lignes.
2025-09-13 02:17:49,880 [INFO] ‚úÖ Feuille Donn√©es EP 11 trait√©e avec 3045 lignes.
2025-09-13 02:17:49,880 [INFO] ‚úÖ Feuille Score Excel Vs Eris trait√©e avec 4502 lignes.
2025-09-13 02:17:49,880 [INFO] ‚úÖ Feuille Feuil2 trait√©e avec 73 lignes.
2025-09-13 02:17:49,880 [INFO] ‚úÖ Feuille ASNE trait√©e avec 63 lignes.
2025-09-13 02:17:49,880 [INFO] ‚úÖ Feuille ACE trait√©e avec 165 lignes.
2025-09-13 02:17:49,880 [INFO] ‚úÖ Feuille AFO trait√©e avec 148 lignes.
2025-09-13 02:17:49,880 [INFO] ‚úÖ Feuille MOI trait√©e avec 150 lignes.
2025-09-13 02:17:49,881 [INFO] ‚úÖ Feuille NIG trait√©e avec 11 lignes.
2025-09-13 02:17:49,881 [INFO] ‚úÖ Feuille NIG trame trait√©e avec 12 lignes.
2025-09-13 02:17:49,881 [INFO] ‚úÖ Feuille AFR trame trait√©e avec 143 lignes.
2025-09-13 02:17:49,882 [INFO] ‚úÖ Feuille Suivi resultats ERIS AFR trame trait√©e avec 65 lignes.
2025-09-13 02:17:49,882 [INFO] ‚úÖ Feuille Fichier de base score  trait√©e avec 2495 lignes.
2025-09-13 02:17:49,891 [INFO] üì¶ Fichier archiv√© -> data\archive\exemple_conformite_20250913_021749.xlsx
2025-09-13 02:36:40,022 [INFO] üìÇ Nouveau fichier d√©tect√© : data\inbox\Invariants - calculs_test.xlsx
2025-09-13 02:36:45,459 [ERROR] ‚ùå Erreur globale lors de l‚Äôimport de data\inbox\Invariants - calculs_test.xlsx : Passed header=[4], len of 1, but only 1 lines in file (sheet: Hypoth√®se )
Traceback (most recent call last):
  File "C:\Users\brand\PycharmProjects\PythonProject1\.venv\Lib\site-packages\pandas\io\parsers\python_parser.py", line 716, in _next_line
    line = self._check_comments([self.data[self.pos]])[0]
                                 ~~~~~~~~~^^^^^^^^^^
IndexError: list index out of range

During handling of the above exception, another exception occurred:

Traceback (most recent call last):
  File "C:\Users\brand\PycharmProjects\PythonProject1\.venv\Lib\site-packages\pandas\io\parsers\python_parser.py", line 407, in _infer_columns
    line = self._next_line()
           ^^^^^^^^^^^^^^^^^
  File "C:\Users\brand\PycharmProjects\PythonProject1\.venv\Lib\site-packages\pandas\io\parsers\python_parser.py", line 729, in _next_line
    raise StopIteration
StopIteration

The above exception was the direct cause of the following exception:

Traceback (most recent call last):
  File "C:\Users\brand\PycharmProjects\PythonProject1\watcher.py", line 79, in on_created
    results = process_excel(str(src_path))  # retourne {sheet_name: df}
              ^^^^^^^^^^^^^^^^^^^^^^^^^^^^
  File "C:\Users\brand\PycharmProjects\PythonProject1\processor.py", line 41, in process_excel
    ).read()
      ^^^^^^
  File "C:\Users\brand\PycharmProjects\PythonProject1\excel_schema_reader.py", line 64, in read
    dfs = pd.read_excel(self.path, sheet_name=None, header=self.header_row, engine="openpyxl")
          ^^^^^^^^^^^^^^^^^^^^^^^^^^^^^^^^^^^^^^^^^^^^^^^^^^^^^^^^^^^^^^^^^^^^^^^^^^^^^^^^^^^^
  File "C:\Users\brand\PycharmProjects\PythonProject1\.venv\Lib\site-packages\pandas\io\excel\_base.py", line 508, in read_excel
    data = io.parse(
           ^^^^^^^^^
  File "C:\Users\brand\PycharmProjects\PythonProject1\.venv\Lib\site-packages\pandas\io\excel\_base.py", line 1616, in parse
    return self._reader.parse(
           ^^^^^^^^^^^^^^^^^^^
  File "C:\Users\brand\PycharmProjects\PythonProject1\.venv\Lib\site-packages\pandas\io\excel\_base.py", line 916, in parse
    raise err
  File "C:\Users\brand\PycharmProjects\PythonProject1\.venv\Lib\site-packages\pandas\io\excel\_base.py", line 878, in parse
    parser = TextParser(
             ^^^^^^^^^^^
  File "C:\Users\brand\PycharmProjects\PythonProject1\.venv\Lib\site-packages\pandas\io\parsers\readers.py", line 2053, in TextParser
    return TextFileReader(*args, **kwds)
           ^^^^^^^^^^^^^^^^^^^^^^^^^^^^^
  File "C:\Users\brand\PycharmProjects\PythonProject1\.venv\Lib\site-packages\pandas\io\parsers\readers.py", line 1620, in __init__
    self._engine = self._make_engine(f, self.engine)
                   ^^^^^^^^^^^^^^^^^^^^^^^^^^^^^^^^^
  File "C:\Users\brand\PycharmProjects\PythonProject1\.venv\Lib\site-packages\pandas\io\parsers\readers.py", line 1898, in _make_engine
    return mapping[engine](f, **self.options)
           ^^^^^^^^^^^^^^^^^^^^^^^^^^^^^^^^^^
  File "C:\Users\brand\PycharmProjects\PythonProject1\.venv\Lib\site-packages\pandas\io\parsers\python_parser.py", line 133, in __init__
    ) = self._infer_columns()
        ^^^^^^^^^^^^^^^^^^^^^
  File "C:\Users\brand\PycharmProjects\PythonProject1\.venv\Lib\site-packages\pandas\io\parsers\python_parser.py", line 417, in _infer_columns
    raise ValueError(
ValueError: Passed header=[4], len of 1, but only 1 lines in file (sheet: Hypoth√®se )
2025-09-13 02:36:45,703 [INFO] üö© Fichier d√©plac√© en erreur -> data\error\Invariants - calculs_test.xlsx
2025-09-13 02:37:30,542 [INFO] Arr√™t demand√©, arr√™t de l'observer...
2025-09-13 02:37:30,546 [INFO] Observer arr√™t√©.
2025-09-13 03:30:29,254 [INFO] üëÄ Surveillance active sur data\inbox... (Ctrl+C pour arr√™ter)
2025-09-13 03:30:36,296 [INFO] üìÇ Nouveau fichier d√©tect√© : data\inbox\Invariants - calculs_test.xlsx
2025-09-13 03:35:14,021 [INFO] ‚úÖ Feuille 'PLT 24-30 (Old zones)' trait√©e (48 lignes, 51 colonnes)
2025-09-13 03:35:14,024 [INFO] ‚úÖ Feuille 'besoin Capex Vs PLT 2024' trait√©e (74 lignes, 48 colonnes)
2025-09-13 03:35:14,024 [INFO] ‚úÖ Feuille 'REPORTING_AFR' trait√©e (79 lignes, 25 colonnes)
2025-09-13 03:35:14,024 [INFO] ‚úÖ Feuille 'conformit√©_BUvsPC_2021' trait√©e (69 lignes, 38 colonnes)
2025-09-13 03:35:14,025 [INFO] ‚úÖ Feuille 'CAD 24' trait√©e (229 lignes, 32 colonnes)
2025-09-13 03:35:14,025 [INFO] ‚úÖ Feuille 'REPORTING_AFR_17.07.25' trait√©e (100 lignes, 70 colonnes)
2025-09-13 03:35:14,025 [INFO] ‚úÖ Feuille 'Pu_filiale' trait√©e (41 lignes, 29 colonnes)
2025-09-13 03:35:14,025 [INFO] ‚úÖ Feuille 'REPORTING_MKRD_01.24' trait√©e (93 lignes, 33 colonnes)
2025-09-13 03:35:14,025 [INFO] ‚úÖ Feuille 'AFR' trait√©e (223 lignes, 62 colonnes)
2025-09-13 03:35:14,025 [INFO] ‚úÖ Feuille 'AFR 2026' trait√©e (58 lignes, 29 colonnes)
2025-09-13 03:35:14,025 [INFO] ‚úÖ Feuille 'BU AFR' trait√©e (133 lignes, 50 colonnes)
2025-09-13 03:35:14,025 [INFO] ‚úÖ Feuille 'BU_NIG' trait√©e (56 lignes, 92 colonnes)
2025-09-13 03:35:14,025 [INFO] ‚úÖ Feuille 'BU_MOI' trait√©e (144 lignes, 92 colonnes)
2025-09-13 03:35:14,025 [INFO] ‚úÖ Feuille 'BU_ANBE' trait√©e (143 lignes, 92 colonnes)
2025-09-13 03:35:14,025 [INFO] ‚úÖ Feuille 'BU_AFO' trait√©e (158 lignes, 93 colonnes)
2025-09-13 03:35:14,025 [INFO] ‚úÖ Feuille 'BU_ACE' trait√©e (157 lignes, 92 colonnes)
2025-09-13 03:35:14,025 [INFO] ‚úÖ Feuille 'AFR (PC)' trait√©e (199 lignes, 62 colonnes)
2025-09-13 03:35:14,026 [INFO] ‚úÖ Feuille 'NIG' trait√©e (25 lignes, 113 colonnes)
2025-09-13 03:35:14,026 [INFO] ‚úÖ Feuille 'MOI (PC)' trait√©e (124 lignes, 133 colonnes)
2025-09-13 03:35:14,026 [INFO] ‚úÖ Feuille 'MOI' trait√©e (125 lignes, 133 colonnes)
2025-09-13 03:35:14,026 [INFO] ‚úÖ Feuille 'AFO (PC)' trait√©e (146 lignes, 133 colonnes)
2025-09-13 03:35:14,026 [INFO] ‚úÖ Feuille 'AFO' trait√©e (145 lignes, 133 colonnes)
2025-09-13 03:35:14,026 [INFO] ‚úÖ Feuille 'ACE (PC)' trait√©e (136 lignes, 133 colonnes)
2025-09-13 03:35:14,026 [INFO] ‚úÖ Feuille 'ACE' trait√©e (135 lignes, 133 colonnes)
2025-09-13 03:35:14,027 [INFO] ‚úÖ Feuille 'AFA (PC)' trait√©e (126 lignes, 133 colonnes)
2025-09-13 03:35:14,027 [INFO] ‚úÖ Feuille 'ANBE' trait√©e (122 lignes, 133 colonnes)
2025-09-13 03:35:14,027 [INFO] ‚úÖ Feuille 'Nig√©ria' trait√©e (595 lignes, 144 colonnes)
2025-09-13 03:35:14,027 [INFO] ‚úÖ Feuille 'Mayotte' trait√©e (595 lignes, 146 colonnes)
2025-09-13 03:35:14,027 [INFO] ‚úÖ Feuille 'Egypte' trait√©e (595 lignes, 144 colonnes)
2025-09-13 03:35:14,027 [INFO] ‚úÖ Feuille 'Erythr√©e' trait√©e (595 lignes, 144 colonnes)
2025-09-13 03:35:14,027 [INFO] ‚úÖ Feuille 'Ethiopie' trait√©e (592 lignes, 146 colonnes)
2025-09-13 03:35:14,027 [INFO] ‚úÖ Feuille 'Madagascar' trait√©e (595 lignes, 146 colonnes)
2025-09-13 03:35:14,027 [INFO] ‚úÖ Feuille 'Maroc' trait√©e (595 lignes, 146 colonnes)
2025-09-13 03:35:14,027 [INFO] ‚úÖ Feuille 'Maurice' trait√©e (595 lignes, 146 colonnes)
2025-09-13 03:35:14,027 [INFO] ‚úÖ Feuille 'R√©union' trait√©e (595 lignes, 146 colonnes)
2025-09-13 03:35:14,027 [INFO] ‚úÖ Feuille 'Tunisie' trait√©e (591 lignes, 146 colonnes)
2025-09-13 03:35:14,027 [INFO] ‚úÖ Feuille 'Burkina' trait√©e (595 lignes, 146 colonnes)
2025-09-13 03:35:14,027 [INFO] ‚úÖ Feuille 'Togo' trait√©e (595 lignes, 146 colonnes)
2025-09-13 03:35:14,028 [INFO] ‚úÖ Feuille 'Tchad' trait√©e (595 lignes, 144 colonnes)
2025-09-13 03:35:14,028 [INFO] ‚úÖ Feuille 'S√©n√©gal' trait√©e (595 lignes, 144 colonnes)
2025-09-13 03:35:14,028 [INFO] ‚úÖ Feuille 'Mali' trait√©e (595 lignes, 144 colonnes)
2025-09-13 03:35:14,028 [INFO] ‚úÖ Feuille 'Ghana' trait√©e (555 lignes, 146 colonnes)
2025-09-13 03:35:14,028 [INFO] ‚úÖ Feuille 'Centafrique' trait√©e (595 lignes, 144 colonnes)
2025-09-13 03:35:14,028 [INFO] ‚úÖ Feuille 'C√¥te Ivoire' trait√©e (595 lignes, 144 colonnes)
2025-09-13 03:35:14,028 [INFO] ‚úÖ Feuille 'Guin√©e' trait√©e (595 lignes, 144 colonnes)
2025-09-13 03:35:14,028 [INFO] ‚úÖ Feuille 'Afrique du Sud' trait√©e (605 lignes, 144 colonnes)
2025-09-13 03:35:14,030 [INFO] ‚úÖ Feuille 'Botswana' trait√©e (595 lignes, 144 colonnes)
2025-09-13 03:35:14,030 [INFO] ‚úÖ Feuille 'Eswatini' trait√©e (595 lignes, 146 colonnes)
2025-09-13 03:35:14,030 [INFO] ‚úÖ Feuille 'Malawi' trait√©e (595 lignes, 144 colonnes)
2025-09-13 03:35:14,030 [INFO] ‚úÖ Feuille 'Angola' trait√©e (595 lignes, 144 colonnes)
2025-09-13 03:35:14,030 [INFO] ‚úÖ Feuille 'Mozambique' trait√©e (595 lignes, 146 colonnes)
2025-09-13 03:35:14,030 [INFO] ‚úÖ Feuille 'Namibie' trait√©e (595 lignes, 146 colonnes)
2025-09-13 03:35:14,031 [INFO] ‚úÖ Feuille 'Zimbabwe' trait√©e (595 lignes, 146 colonnes)
2025-09-13 03:35:14,031 [INFO] ‚úÖ Feuille 'Zambie' trait√©e (617 lignes, 146 colonnes)
2025-09-13 03:35:14,031 [INFO] ‚úÖ Feuille 'Cameroun' trait√©e (595 lignes, 144 colonnes)
2025-09-13 03:35:14,031 [INFO] ‚úÖ Feuille 'Congo RDC' trait√©e (595 lignes, 144 colonnes)
2025-09-13 03:35:14,031 [INFO] ‚úÖ Feuille 'Congo Brazza' trait√©e (595 lignes, 144 colonnes)
2025-09-13 03:35:14,031 [INFO] ‚úÖ Feuille 'Gabon' trait√©e (595 lignes, 146 colonnes)
2025-09-13 03:35:14,031 [INFO] ‚úÖ Feuille 'Guin√©e Equitoriale' trait√©e (595 lignes, 144 colonnes)
2025-09-13 03:35:14,031 [INFO] ‚úÖ Feuille 'Kenya' trait√©e (593 lignes, 145 colonnes)
2025-09-13 03:35:14,031 [INFO] ‚úÖ Feuille 'Uganda' trait√©e (595 lignes, 146 colonnes)
2025-09-13 03:35:14,031 [INFO] ‚úÖ Feuille 'Tanzania' trait√©e (595 lignes, 146 colonnes)
2025-09-13 03:35:14,031 [INFO] ‚úÖ Feuille 'nbr site 100% conforme' trait√©e (54 lignes, 23 colonnes)
2025-09-13 03:35:14,032 [INFO] ‚úÖ Feuille 'Comparaison nbre sites' trait√©e (48 lignes, 52 colonnes)
2025-09-13 03:35:14,032 [INFO] ‚úÖ Feuille 'Bridge_nbre station 2022 ' trait√©e (41 lignes, 33 colonnes)
2025-09-13 03:35:14,032 [INFO] ‚úÖ Feuille 'Bridge_nbre station 2023' trait√©e (41 lignes, 45 colonnes)
2025-09-13 03:35:14,061 [ERROR] ‚ùå Erreur lors du traitement de data\inbox\Invariants - calculs_test.xlsx : [WinError 32] Le processus ne peut pas acc√©der au fichier car ce fichier est utilis√© par un autre processus: 'data\\inbox\\Invariants - calculs_test.xlsx'
Traceback (most recent call last):
  File "C:\Users\brand\AppData\Local\Programs\Python\Python312\Lib\shutil.py", line 886, in move
    os.rename(src, real_dst)
PermissionError: [WinError 32] Le processus ne peut pas acc√©der au fichier car ce fichier est utilis√© par un autre processus: 'data\\inbox\\Invariants - calculs_test.xlsx' -> 'data\\archive\\Invariants - calculs_test.xlsx'

During handling of the above exception, another exception occurred:

Traceback (most recent call last):
  File "C:\Users\brand\PycharmProjects\PythonProject1\watcher.py", line 96, in on_created
    shutil.move(str(src_path), str(dest))
  File "C:\Users\brand\AppData\Local\Programs\Python\Python312\Lib\shutil.py", line 907, in move
    os.unlink(src)
PermissionError: [WinError 32] Le processus ne peut pas acc√©der au fichier car ce fichier est utilis√© par un autre processus: 'data\\inbox\\Invariants - calculs_test.xlsx'
2025-09-13 03:35:14,108 [ERROR] ‚ùå Impossible de d√©placer en erreur : [WinError 32] Le processus ne peut pas acc√©der au fichier car ce fichier est utilis√© par un autre processus: 'data\\inbox\\Invariants - calculs_test.xlsx'
2025-09-13 03:35:14,282 [INFO] üìÇ Nouveau fichier d√©tect√© : data\inbox\Extraction_test - Copie.xlsx
2025-09-13 03:35:36,112 [INFO] ‚úÖ Feuille 'Inspections' trait√©e (83 lignes, 14 colonnes)
2025-09-13 03:35:36,115 [INFO] ‚úÖ Feuille 'Actions' trait√©e (10850 lignes, 11 colonnes)
2025-09-13 03:35:36,116 [INFO] ‚úÖ Feuille 'Questions' trait√©e (1713 lignes, 359 colonnes)
2025-09-13 03:35:36,116 [INFO] ‚úÖ Feuille 'HSE Invariants (2)' trait√©e (1713 lignes, 31 colonnes)
2025-09-13 03:35:36,116 [INFO] ‚úÖ Feuille 'HSE Invariants' trait√©e (1713 lignes, 31 colonnes)
2025-09-13 03:35:36,124 [ERROR] ‚ùå Erreur lors du traitement de data\inbox\Extraction_test - Copie.xlsx : [WinError 32] Le processus ne peut pas acc√©der au fichier car ce fichier est utilis√© par un autre processus: 'data\\inbox\\Extraction_test - Copie.xlsx'
Traceback (most recent call last):
  File "C:\Users\brand\AppData\Local\Programs\Python\Python312\Lib\shutil.py", line 886, in move
    os.rename(src, real_dst)
PermissionError: [WinError 32] Le processus ne peut pas acc√©der au fichier car ce fichier est utilis√© par un autre processus: 'data\\inbox\\Extraction_test - Copie.xlsx' -> 'data\\archive\\Extraction_test - Copie.xlsx'

During handling of the above exception, another exception occurred:

Traceback (most recent call last):
  File "C:\Users\brand\PycharmProjects\PythonProject1\watcher.py", line 96, in on_created
    shutil.move(str(src_path), str(dest))
  File "C:\Users\brand\AppData\Local\Programs\Python\Python312\Lib\shutil.py", line 907, in move
    os.unlink(src)
PermissionError: [WinError 32] Le processus ne peut pas acc√©der au fichier car ce fichier est utilis√© par un autre processus: 'data\\inbox\\Extraction_test - Copie.xlsx'
2025-09-13 03:35:36,137 [ERROR] ‚ùå Impossible de d√©placer en erreur : [WinError 32] Le processus ne peut pas acc√©der au fichier car ce fichier est utilis√© par un autre processus: 'data\\inbox\\Extraction_test - Copie.xlsx'
2025-09-13 03:38:50,087 [INFO] üõë Arr√™t demand√©, fermeture du watcher...
2025-09-13 03:38:50,118 [INFO] ‚úÖ Watcher arr√™t√© proprement.
2025-09-13 03:39:21,570 [INFO] üëÄ Surveillance active sur data\inbox... (Ctrl+C pour arr√™ter)
2025-09-13 03:39:48,808 [INFO] üìÇ Nouveau fichier d√©tect√© : data\inbox\Extraction_test - Copie.xlsx
2025-09-13 03:40:08,241 [INFO] ‚úÖ Feuille 'Inspections' trait√©e (83 lignes, 14 colonnes)
2025-09-13 03:40:08,241 [INFO] ‚úÖ Feuille 'Actions' trait√©e (10850 lignes, 11 colonnes)
2025-09-13 03:40:08,241 [INFO] ‚úÖ Feuille 'Questions' trait√©e (1713 lignes, 359 colonnes)
2025-09-13 03:40:08,241 [INFO] ‚úÖ Feuille 'HSE Invariants (2)' trait√©e (1713 lignes, 31 colonnes)
2025-09-13 03:40:08,241 [INFO] ‚úÖ Feuille 'HSE Invariants' trait√©e (1713 lignes, 31 colonnes)
2025-09-13 03:40:08,249 [ERROR] ‚ùå Erreur lors du traitement de data\inbox\Extraction_test - Copie.xlsx : [WinError 32] Le processus ne peut pas acc√©der au fichier car ce fichier est utilis√© par un autre processus: 'data\\inbox\\Extraction_test - Copie.xlsx'
Traceback (most recent call last):
  File "C:\Users\brand\AppData\Local\Programs\Python\Python312\Lib\shutil.py", line 886, in move
    os.rename(src, real_dst)
PermissionError: [WinError 32] Le processus ne peut pas acc√©der au fichier car ce fichier est utilis√© par un autre processus: 'data\\inbox\\Extraction_test - Copie.xlsx' -> 'data\\archive\\Extraction_test - Copie_20250913_034008.xlsx'

During handling of the above exception, another exception occurred:

Traceback (most recent call last):
  File "C:\Users\brand\PycharmProjects\PythonProject1\watcher.py", line 96, in on_created
    shutil.move(str(src_path), str(dest))
  File "C:\Users\brand\AppData\Local\Programs\Python\Python312\Lib\shutil.py", line 907, in move
    os.unlink(src)
PermissionError: [WinError 32] Le processus ne peut pas acc√©der au fichier car ce fichier est utilis√© par un autre processus: 'data\\inbox\\Extraction_test - Copie.xlsx'
2025-09-13 03:40:08,259 [ERROR] ‚ùå Impossible de d√©placer en erreur : [WinError 32] Le processus ne peut pas acc√©der au fichier car ce fichier est utilis√© par un autre processus: 'data\\inbox\\Extraction_test - Copie.xlsx'
2025-09-13 03:40:08,262 [INFO] üìÇ Nouveau fichier d√©tect√© : data\inbox\Invariants - calculs_test.xlsx
2025-09-13 03:44:44,140 [INFO] ‚úÖ Feuille 'PLT 24-30 (Old zones)' trait√©e (48 lignes, 51 colonnes)
2025-09-13 03:44:44,142 [INFO] ‚úÖ Feuille 'besoin Capex Vs PLT 2024' trait√©e (74 lignes, 48 colonnes)
2025-09-13 03:44:44,142 [INFO] ‚úÖ Feuille 'REPORTING_AFR' trait√©e (79 lignes, 25 colonnes)
2025-09-13 03:44:44,142 [INFO] ‚úÖ Feuille 'conformit√©_BUvsPC_2021' trait√©e (69 lignes, 38 colonnes)
2025-09-13 03:44:44,142 [INFO] ‚úÖ Feuille 'CAD 24' trait√©e (229 lignes, 32 colonnes)
2025-09-13 03:44:44,142 [INFO] ‚úÖ Feuille 'REPORTING_AFR_17.07.25' trait√©e (100 lignes, 70 colonnes)
2025-09-13 03:44:44,142 [INFO] ‚úÖ Feuille 'Pu_filiale' trait√©e (41 lignes, 29 colonnes)
2025-09-13 03:44:44,142 [INFO] ‚úÖ Feuille 'REPORTING_MKRD_01.24' trait√©e (93 lignes, 33 colonnes)
2025-09-13 03:44:44,142 [INFO] ‚úÖ Feuille 'AFR' trait√©e (223 lignes, 62 colonnes)
2025-09-13 03:44:44,144 [INFO] ‚úÖ Feuille 'AFR 2026' trait√©e (58 lignes, 29 colonnes)
2025-09-13 03:44:44,144 [INFO] ‚úÖ Feuille 'BU AFR' trait√©e (133 lignes, 50 colonnes)
2025-09-13 03:44:44,144 [INFO] ‚úÖ Feuille 'BU_NIG' trait√©e (56 lignes, 92 colonnes)
2025-09-13 03:44:44,144 [INFO] ‚úÖ Feuille 'BU_MOI' trait√©e (144 lignes, 92 colonnes)
2025-09-13 03:44:44,144 [INFO] ‚úÖ Feuille 'BU_ANBE' trait√©e (143 lignes, 92 colonnes)
2025-09-13 03:44:44,144 [INFO] ‚úÖ Feuille 'BU_AFO' trait√©e (158 lignes, 93 colonnes)
2025-09-13 03:44:44,144 [INFO] ‚úÖ Feuille 'BU_ACE' trait√©e (157 lignes, 92 colonnes)
2025-09-13 03:44:44,144 [INFO] ‚úÖ Feuille 'AFR (PC)' trait√©e (199 lignes, 62 colonnes)
2025-09-13 03:44:44,144 [INFO] ‚úÖ Feuille 'NIG' trait√©e (25 lignes, 113 colonnes)
2025-09-13 03:44:44,144 [INFO] ‚úÖ Feuille 'MOI (PC)' trait√©e (124 lignes, 133 colonnes)
2025-09-13 03:44:44,145 [INFO] ‚úÖ Feuille 'MOI' trait√©e (125 lignes, 133 colonnes)
2025-09-13 03:44:44,145 [INFO] ‚úÖ Feuille 'AFO (PC)' trait√©e (146 lignes, 133 colonnes)
2025-09-13 03:44:44,145 [INFO] ‚úÖ Feuille 'AFO' trait√©e (145 lignes, 133 colonnes)
2025-09-13 03:44:44,145 [INFO] ‚úÖ Feuille 'ACE (PC)' trait√©e (136 lignes, 133 colonnes)
2025-09-13 03:44:44,145 [INFO] ‚úÖ Feuille 'ACE' trait√©e (135 lignes, 133 colonnes)
2025-09-13 03:44:44,145 [INFO] ‚úÖ Feuille 'AFA (PC)' trait√©e (126 lignes, 133 colonnes)
2025-09-13 03:44:44,145 [INFO] ‚úÖ Feuille 'ANBE' trait√©e (122 lignes, 133 colonnes)
2025-09-13 03:44:44,145 [INFO] ‚úÖ Feuille 'Nig√©ria' trait√©e (595 lignes, 144 colonnes)
2025-09-13 03:44:44,145 [INFO] ‚úÖ Feuille 'Mayotte' trait√©e (595 lignes, 146 colonnes)
2025-09-13 03:44:44,145 [INFO] ‚úÖ Feuille 'Egypte' trait√©e (595 lignes, 144 colonnes)
2025-09-13 03:44:44,145 [INFO] ‚úÖ Feuille 'Erythr√©e' trait√©e (595 lignes, 144 colonnes)
2025-09-13 03:44:44,145 [INFO] ‚úÖ Feuille 'Ethiopie' trait√©e (592 lignes, 146 colonnes)
2025-09-13 03:44:44,145 [INFO] ‚úÖ Feuille 'Madagascar' trait√©e (595 lignes, 146 colonnes)
2025-09-13 03:44:44,145 [INFO] ‚úÖ Feuille 'Maroc' trait√©e (595 lignes, 146 colonnes)
2025-09-13 03:44:44,145 [INFO] ‚úÖ Feuille 'Maurice' trait√©e (595 lignes, 146 colonnes)
2025-09-13 03:44:44,145 [INFO] ‚úÖ Feuille 'R√©union' trait√©e (595 lignes, 146 colonnes)
2025-09-13 03:44:44,145 [INFO] ‚úÖ Feuille 'Tunisie' trait√©e (591 lignes, 146 colonnes)
2025-09-13 03:44:44,145 [INFO] ‚úÖ Feuille 'Burkina' trait√©e (595 lignes, 146 colonnes)
2025-09-13 03:44:44,145 [INFO] ‚úÖ Feuille 'Togo' trait√©e (595 lignes, 146 colonnes)
2025-09-13 03:44:44,145 [INFO] ‚úÖ Feuille 'Tchad' trait√©e (595 lignes, 144 colonnes)
2025-09-13 03:44:44,145 [INFO] ‚úÖ Feuille 'S√©n√©gal' trait√©e (595 lignes, 144 colonnes)
2025-09-13 03:44:44,145 [INFO] ‚úÖ Feuille 'Mali' trait√©e (595 lignes, 144 colonnes)
2025-09-13 03:44:44,145 [INFO] ‚úÖ Feuille 'Ghana' trait√©e (555 lignes, 146 colonnes)
2025-09-13 03:44:44,145 [INFO] ‚úÖ Feuille 'Centafrique' trait√©e (595 lignes, 144 colonnes)
2025-09-13 03:44:44,145 [INFO] ‚úÖ Feuille 'C√¥te Ivoire' trait√©e (595 lignes, 144 colonnes)
2025-09-13 03:44:44,145 [INFO] ‚úÖ Feuille 'Guin√©e' trait√©e (595 lignes, 144 colonnes)
2025-09-13 03:44:44,145 [INFO] ‚úÖ Feuille 'Afrique du Sud' trait√©e (605 lignes, 144 colonnes)
2025-09-13 03:44:44,146 [INFO] ‚úÖ Feuille 'Botswana' trait√©e (595 lignes, 144 colonnes)
2025-09-13 03:44:44,146 [INFO] ‚úÖ Feuille 'Eswatini' trait√©e (595 lignes, 146 colonnes)
2025-09-13 03:44:44,146 [INFO] ‚úÖ Feuille 'Malawi' trait√©e (595 lignes, 144 colonnes)
2025-09-13 03:44:44,146 [INFO] ‚úÖ Feuille 'Angola' trait√©e (595 lignes, 144 colonnes)
2025-09-13 03:44:44,146 [INFO] ‚úÖ Feuille 'Mozambique' trait√©e (595 lignes, 146 colonnes)
2025-09-13 03:44:44,147 [INFO] ‚úÖ Feuille 'Namibie' trait√©e (595 lignes, 146 colonnes)
2025-09-13 03:44:44,147 [INFO] ‚úÖ Feuille 'Zimbabwe' trait√©e (595 lignes, 146 colonnes)
2025-09-13 03:44:44,147 [INFO] ‚úÖ Feuille 'Zambie' trait√©e (617 lignes, 146 colonnes)
2025-09-13 03:44:44,147 [INFO] ‚úÖ Feuille 'Cameroun' trait√©e (595 lignes, 144 colonnes)
2025-09-13 03:44:44,147 [INFO] ‚úÖ Feuille 'Congo RDC' trait√©e (595 lignes, 144 colonnes)
2025-09-13 03:44:44,147 [INFO] ‚úÖ Feuille 'Congo Brazza' trait√©e (595 lignes, 144 colonnes)
2025-09-13 03:44:44,147 [INFO] ‚úÖ Feuille 'Gabon' trait√©e (595 lignes, 146 colonnes)
2025-09-13 03:44:44,147 [INFO] ‚úÖ Feuille 'Guin√©e Equitoriale' trait√©e (595 lignes, 144 colonnes)
2025-09-13 03:44:44,147 [INFO] ‚úÖ Feuille 'Kenya' trait√©e (593 lignes, 145 colonnes)
2025-09-13 03:44:44,147 [INFO] ‚úÖ Feuille 'Uganda' trait√©e (595 lignes, 146 colonnes)
2025-09-13 03:44:44,147 [INFO] ‚úÖ Feuille 'Tanzania' trait√©e (595 lignes, 146 colonnes)
2025-09-13 03:44:44,147 [INFO] ‚úÖ Feuille 'nbr site 100% conforme' trait√©e (54 lignes, 23 colonnes)
2025-09-13 03:44:44,147 [INFO] ‚úÖ Feuille 'Comparaison nbre sites' trait√©e (48 lignes, 52 colonnes)
2025-09-13 03:44:44,148 [INFO] ‚úÖ Feuille 'Bridge_nbre station 2022 ' trait√©e (41 lignes, 33 colonnes)
2025-09-13 03:44:44,148 [INFO] ‚úÖ Feuille 'Bridge_nbre station 2023' trait√©e (41 lignes, 45 colonnes)
2025-09-13 03:44:44,166 [ERROR] ‚ùå Erreur lors du traitement de data\inbox\Invariants - calculs_test.xlsx : [WinError 32] Le processus ne peut pas acc√©der au fichier car ce fichier est utilis√© par un autre processus: 'data\\inbox\\Invariants - calculs_test.xlsx'
Traceback (most recent call last):
  File "C:\Users\brand\AppData\Local\Programs\Python\Python312\Lib\shutil.py", line 886, in move
    os.rename(src, real_dst)
PermissionError: [WinError 32] Le processus ne peut pas acc√©der au fichier car ce fichier est utilis√© par un autre processus: 'data\\inbox\\Invariants - calculs_test.xlsx' -> 'data\\archive\\Invariants - calculs_test_20250913_034444.xlsx'

During handling of the above exception, another exception occurred:

Traceback (most recent call last):
  File "C:\Users\brand\PycharmProjects\PythonProject1\watcher.py", line 96, in on_created
    shutil.move(str(src_path), str(dest))
  File "C:\Users\brand\AppData\Local\Programs\Python\Python312\Lib\shutil.py", line 907, in move
    os.unlink(src)
PermissionError: [WinError 32] Le processus ne peut pas acc√©der au fichier car ce fichier est utilis√© par un autre processus: 'data\\inbox\\Invariants - calculs_test.xlsx'
2025-09-13 03:44:44,181 [ERROR] ‚ùå Impossible de d√©placer en erreur : [WinError 32] Le processus ne peut pas acc√©der au fichier car ce fichier est utilis√© par un autre processus: 'data\\inbox\\Invariants - calculs_test.xlsx'
2025-09-13 03:48:05,759 [INFO] üõë Arr√™t demand√©, fermeture du watcher...
2025-09-13 03:48:05,837 [INFO] ‚úÖ Watcher arr√™t√© proprement.
